2024-10-24 21:32:59 - __main__ - INFO - Reading configuration file config.ini...
2024-10-24 21:32:59 - __main__ - INFO - Read configuration file {setup_file}.
2024-10-24 21:32:59 - __main__ - INFO - Parameters from INI file: {'width': '2', 'height': '3'}
2024-10-24 21:33:49 - app.game_saver.game_save_manager - INFO - Save manager: save file: /home/wojtek/Dokumenty/GitHub/memory_game/game_save.dat
2024-10-24 21:33:49 - app.game_saver.game_save_manager - INFO - Save manager: key file: /home/wojtek/Dokumenty/GitHub/memory_game/save.key
2024-10-24 21:34:38 - __main__ - INFO - Reading configuration file config.ini...
2024-10-24 21:34:38 - __main__ - INFO - Read configuration file {setup_file}.
2024-10-24 21:34:38 - __main__ - INFO - Parameters from INI file: {'width': '2', 'height': '3'}
2024-10-24 21:35:47 - __main__ - INFO - No configuration file provided.
2024-10-24 21:35:49 - app.config_prompt.config_prompt_screen - INFO - Expected error when trying to get Label from Query: No nodes match '#warning-message' on ConfigPromptScreen()
2024-10-24 21:39:30 - asyncio - ERROR - Unclosed client session
client_session: <aiohttp.client.ClientSession object at 0x7f0d894d2540>
2024-10-24 21:39:31 - __main__ - INFO - No configuration file provided.
2024-10-24 21:40:35 - asyncio - ERROR - Unclosed client session
client_session: <aiohttp.client.ClientSession object at 0x7fc46a8e6630>
2024-10-24 21:42:11 - __main__ - INFO - Reading configuration file config.ini...
2024-10-24 21:42:11 - __main__ - INFO - Read configuration file {setup_file}.
2024-10-24 21:42:11 - __main__ - INFO - Parameters from INI file: {'width': '2', 'height': '3', 'game_load_file': '/home/wojtek/Dokumenty/GitHub/memory_game/game_save.data', 'key_load_file': '/home/wojtek/Dokumenty/GitHub/memory_game/save.key', 'load': 'True'}
2024-10-24 21:42:11 - app.game_saver.game_save_manager - INFO - Save manager: save file: /home/wojtek/Dokumenty/GitHub/memory_game/game_save.data
2024-10-24 21:42:11 - app.game_saver.game_save_manager - INFO - Save manager: key file: /home/wojtek/Dokumenty/GitHub/memory_game/save.key
2024-10-24 21:42:53 - __main__ - INFO - Reading configuration file config.ini...
2024-10-24 21:42:53 - __main__ - INFO - Read configuration file {setup_file}.
2024-10-24 21:42:53 - __main__ - INFO - Parameters from INI file: {'width': '2', 'height': '3', 'game_load_file': '/home/wojtek/Dokumenty/GitHub/memory_game/game_save.data', 'key_load_file': '/home/wojtek/Dokumenty/GitHub/memory_game/save.key', 'load': 'True'}
2024-10-24 21:42:53 - app.game_saver.game_save_manager - INFO - Save manager: save file: /home/wojtek/Dokumenty/GitHub/memory_game/game_save.data
2024-10-24 21:42:53 - app.game_saver.game_save_manager - INFO - Save manager: key file: /home/wojtek/Dokumenty/GitHub/memory_game/save.key
2024-10-24 21:42:53 - app.gameplay.gameplay_screen - WARNING - No saved game found.
2024-10-24 21:43:06 - __main__ - INFO - Reading configuration file config.ini...
2024-10-24 21:43:06 - __main__ - INFO - Read configuration file {setup_file}.
2024-10-24 21:43:06 - __main__ - INFO - Parameters from INI file: {'width': '2', 'height': '3', 'game_load_file': '/home/wojtek/Dokumenty/GitHub/memory_game/game_save.data', 'key_load_file': '/home/wojtek/Dokumenty/GitHub/memory_game/save.key', 'load': 'True'}
2024-10-24 21:43:06 - app.game_saver.game_save_manager - INFO - Save manager: save file: /home/wojtek/Dokumenty/GitHub/memory_game/game_save.data
2024-10-24 21:43:06 - app.game_saver.game_save_manager - INFO - Save manager: key file: /home/wojtek/Dokumenty/GitHub/memory_game/save.key
2024-10-24 21:43:06 - app.gameplay.gameplay_screen - WARNING - No saved game found.
2024-10-24 21:44:36 - __main__ - INFO - Reading configuration file config.ini...
2024-10-24 21:44:36 - __main__ - INFO - Read configuration file {setup_file}.
2024-10-24 21:44:36 - __main__ - INFO - Parameters from INI file: {'width': '2', 'height': '3', 'game_load_file': '/home/wojtek/Dokumenty/GitHub/memory_game/game_save.data', 'key_load_file': '/home/wojtek/Dokumenty/GitHub/memory_game/save.key', 'load': 'True'}
2024-10-24 21:44:36 - app.game_saver.game_save_manager - INFO - Save manager: save file: /home/wojtek/Dokumenty/GitHub/memory_game/game_save.data
2024-10-24 21:44:36 - app.game_saver.game_save_manager - INFO - Save manager: key file: /home/wojtek/Dokumenty/GitHub/memory_game/save.key
2024-10-24 21:44:36 - app.game_saver.game_save_manager - INFO - Loading game state from file: /home/wojtek/Dokumenty/GitHub/memory_game/game_save.data
2024-10-24 21:44:36 - app.gameplay.gameplay_screen - WARNING - No saved game found.
2024-10-24 21:45:56 - __main__ - INFO - Reading configuration file config.ini...
2024-10-24 21:45:56 - __main__ - INFO - Read configuration file {setup_file}.
2024-10-24 21:45:56 - __main__ - INFO - Parameters from INI file: {'width': '2', 'height': '3', 'game_load_file': '/home/wojtek/Dokumenty/game_save.data', 'key_load_file': '/home/wojtek/Dokumenty/save.key', 'load': 'True'}
2024-10-24 21:45:56 - app.game_saver.game_save_manager - INFO - Save manager: save file: /home/wojtek/Dokumenty/game_save.data
2024-10-24 21:45:56 - app.game_saver.game_save_manager - INFO - Save manager: key file: /home/wojtek/Dokumenty/save.key
2024-10-24 21:45:56 - app.game_saver.game_save_manager - INFO - Loading game state from file: /home/wojtek/Dokumenty/game_save.data
2024-10-24 21:45:56 - app.gameplay.gameplay_screen - WARNING - No saved game found.
2024-10-24 21:46:36 - __main__ - INFO - Reading configuration file config.ini...
2024-10-24 21:46:36 - __main__ - INFO - Read configuration file {setup_file}.
2024-10-24 21:46:36 - __main__ - INFO - Parameters from INI file: {'width': '2', 'height': '3', 'game_save_file': '/home/wojtek/Dokumenty/game_save.data', 'key_save_file': '/home/wojtek/Dokumenty/save.key', 'game_load_file': '/home/wojtek/Dokumenty/game_save.data', 'key_load_file': '/home/wojtek/Dokumenty/save.key', 'load': 'False'}
2024-10-24 21:46:36 - app.game_saver.game_save_manager - INFO - Save manager: save file: /home/wojtek/Dokumenty/game_save.data
2024-10-24 21:46:36 - app.game_saver.game_save_manager - INFO - Save manager: key file: /home/wojtek/Dokumenty/save.key
2024-10-24 21:46:36 - app.game_saver.game_save_manager - INFO - Loading game state from file: /home/wojtek/Dokumenty/game_save.data
2024-10-24 21:46:36 - app.gameplay.gameplay_screen - WARNING - No saved game found.
2024-10-24 21:46:42 - __main__ - INFO - Reading configuration file config.ini...
2024-10-24 21:46:42 - __main__ - INFO - Read configuration file {setup_file}.
2024-10-24 21:46:42 - __main__ - INFO - Parameters from INI file: {'width': '2', 'height': '3', 'game_save_file': '/home/wojtek/Dokumenty/game_save.data', 'key_save_file': '/home/wojtek/Dokumenty/save.key', 'game_load_file': '/home/wojtek/Dokumenty/game_save.data', 'key_load_file': '/home/wojtek/Dokumenty/save.key', 'load': 'False'}
2024-10-24 21:46:42 - app.game_saver.game_save_manager - INFO - Save manager: save file: /home/wojtek/Dokumenty/game_save.data
2024-10-24 21:46:42 - app.game_saver.game_save_manager - INFO - Save manager: key file: /home/wojtek/Dokumenty/save.key
2024-10-24 21:46:42 - app.game_saver.game_save_manager - INFO - Loading game state from file: /home/wojtek/Dokumenty/game_save.data
2024-10-24 21:46:42 - app.gameplay.gameplay_screen - WARNING - No saved game found.
2024-10-24 21:48:30 - __main__ - INFO - Reading configuration file config.ini...
2024-10-24 21:48:30 - __main__ - INFO - Read configuration file {setup_file}.
2024-10-24 21:48:30 - __main__ - INFO - Parameters from INI file: {'width': '2', 'height': '3', 'game_save_file': '/home/wojtek/Dokumenty/game_save.data', 'key_save_file': '/home/wojtek/Dokumenty/save.key', 'game_load_file': '/home/wojtek/Dokumenty/game_save.data', 'key_load_file': '/home/wojtek/Dokumenty/save.key', 'load': '0'}
2024-10-24 21:48:30 - app.game_saver.game_save_manager - INFO - Save manager: save file: /home/wojtek/Dokumenty/game_save.data
2024-10-24 21:48:30 - app.game_saver.game_save_manager - INFO - Save manager: key file: /home/wojtek/Dokumenty/save.key
2024-10-24 21:48:30 - app.gameplay.gameplay_screen - WARNING - No saved game found.
2024-10-24 21:48:48 - __main__ - INFO - Reading configuration file config.ini...
2024-10-24 21:48:48 - __main__ - INFO - Read configuration file {setup_file}.
2024-10-24 21:48:48 - __main__ - INFO - Parameters from INI file: {'width': '2', 'height': '3', 'game_save_file': '/home/wojtek/Dokumenty/game_save.data', 'key_save_file': '/home/wojtek/Dokumenty/save.key', 'game_load_file': '/home/wojtek/Dokumenty/game_save.data', 'key_load_file': '/home/wojtek/Dokumenty/save.key', 'load': '0'}
2024-10-24 21:48:48 - app.game_saver.game_save_manager - INFO - Save manager: save file: /home/wojtek/Dokumenty/game_save.data
2024-10-24 21:48:48 - app.game_saver.game_save_manager - INFO - Save manager: key file: /home/wojtek/Dokumenty/save.key
2024-10-24 21:48:48 - app.gameplay.gameplay_screen - WARNING - No saved game found.
2024-10-24 21:49:23 - __main__ - INFO - Reading configuration file config.ini...
2024-10-24 21:49:23 - __main__ - INFO - Read configuration file {setup_file}.
2024-10-24 21:49:23 - __main__ - INFO - Parameters from INI file: {'width': '2', 'height': '3', 'game_save_file': '/home/wojtek/Dokumenty/game_save.data', 'key_save_file': '/home/wojtek/Dokumenty/save.key', 'game_load_file': '/home/wojtek/Dokumenty/game_save.data', 'key_load_file': '/home/wojtek/Dokumenty/save.key', 'load': '0'}
2024-10-24 21:49:23 - app.gameplay.gameplay_screen - INFO - 0
2024-10-24 21:49:23 - app.game_saver.game_save_manager - INFO - Save manager: save file: /home/wojtek/Dokumenty/game_save.data
2024-10-24 21:49:23 - app.game_saver.game_save_manager - INFO - Save manager: key file: /home/wojtek/Dokumenty/save.key
2024-10-24 21:49:23 - app.gameplay.gameplay_screen - WARNING - No saved game found.
2024-10-24 21:49:45 - __main__ - INFO - Reading configuration file config.ini...
2024-10-24 21:49:45 - __main__ - INFO - Read configuration file {setup_file}.
2024-10-24 21:49:45 - __main__ - INFO - Parameters from INI file: {'width': '2', 'height': '3', 'game_save_file': '/home/wojtek/Dokumenty/game_save.data', 'key_save_file': '/home/wojtek/Dokumenty/save.key', 'game_load_file': '/home/wojtek/Dokumenty/game_save.data', 'key_load_file': '/home/wojtek/Dokumenty/save.key', 'load': '0'}
2024-10-24 21:49:45 - app.gameplay.gameplay_screen - INFO - <class 'str'>
2024-10-24 21:49:45 - app.game_saver.game_save_manager - INFO - Save manager: save file: /home/wojtek/Dokumenty/game_save.data
2024-10-24 21:49:45 - app.game_saver.game_save_manager - INFO - Save manager: key file: /home/wojtek/Dokumenty/save.key
2024-10-24 21:49:45 - app.gameplay.gameplay_screen - WARNING - No saved game found.
2024-10-24 21:51:48 - __main__ - INFO - Reading configuration file config.ini...
2024-10-24 21:51:48 - __main__ - INFO - Read configuration file {setup_file}.
2024-10-24 21:51:48 - __main__ - INFO - Parameters from INI file: {'width': '2', 'height': '3', 'game_save_file': '/home/wojtek/Dokumenty/game_save.data', 'key_save_file': '/home/wojtek/Dokumenty/save.key', 'game_load_file': '/home/wojtek/Dokumenty/game_save.data', 'key_load_file': '/home/wojtek/Dokumenty/save.key', 'load': '1'}
2024-10-24 21:52:08 - app.game_saver.game_save_manager - INFO - Save manager: save file: /home/wojtek/Dokumenty/game_save.data
2024-10-24 21:52:08 - app.game_saver.game_save_manager - INFO - Save manager: key file: /home/wojtek/Dokumenty/save.key
2024-10-24 21:52:23 - __main__ - INFO - Reading configuration file config.ini...
2024-10-24 21:52:23 - __main__ - INFO - Read configuration file {setup_file}.
2024-10-24 21:52:23 - __main__ - INFO - Parameters from INI file: {'width': '2', 'height': '3', 'game_save_file': '/home/wojtek/Dokumenty/game_save.data', 'key_save_file': '/home/wojtek/Dokumenty/save.key', 'game_load_file': '/home/wojtek/Dokumenty/game_save.data', 'key_load_file': '/home/wojtek/Dokumenty/save.key', 'load': 'true'}
2024-10-24 21:52:23 - app.game_saver.game_save_manager - INFO - Save manager: save file: /home/wojtek/Dokumenty/game_save.data
2024-10-24 21:52:23 - app.game_saver.game_save_manager - INFO - Save manager: key file: /home/wojtek/Dokumenty/save.key
2024-10-24 21:52:23 - app.gameplay.cards - INFO - Card 0: 6.png
2024-10-24 21:52:23 - app.gameplay.cards - INFO - Card 1: 18.png
2024-10-24 21:52:23 - app.gameplay.cards - INFO - Card 2: 18.png
2024-10-24 21:52:23 - app.gameplay.cards - INFO - Card 3: 6.png
2024-10-24 21:52:23 - app.gameplay.cards - INFO - Card 4: 2.png
2024-10-24 21:52:23 - app.gameplay.cards - INFO - Card 5: 2.png
2024-10-24 21:52:52 - __main__ - INFO - Reading configuration file config.ini...
2024-10-24 21:52:52 - __main__ - INFO - Read configuration file {setup_file}.
2024-10-24 21:52:52 - __main__ - INFO - Parameters from INI file: {'width': '2', 'height': '3', 'game_save_file': '/home/wojtek/Dokumenty/game_save.dat', 'key_save_file': '/home/wojtek/Dokumenty/save.key', 'game_load_file': '/home/wojtek/Dokumenty/game_save.dat', 'key_load_file': '/home/wojtek/Dokumenty/save.key', 'load': 'true'}
2024-10-24 21:52:52 - app.game_saver.game_save_manager - INFO - Save manager: save file: /home/wojtek/Dokumenty/game_save.dat
2024-10-24 21:52:52 - app.game_saver.game_save_manager - INFO - Save manager: key file: /home/wojtek/Dokumenty/save.key
2024-10-24 21:52:52 - app.gameplay.cards - INFO - Card 0: 10.png
2024-10-24 21:52:52 - app.gameplay.cards - INFO - Card 1: 16.png
2024-10-24 21:52:52 - app.gameplay.cards - INFO - Card 2: 18.png
2024-10-24 21:52:52 - app.gameplay.cards - INFO - Card 3: 18.png
2024-10-24 21:52:52 - app.gameplay.cards - INFO - Card 4: 10.png
2024-10-24 21:52:52 - app.gameplay.cards - INFO - Card 5: 16.png
2024-10-24 21:53:53 - __main__ - INFO - Reading configuration file config.ini...
2024-10-24 21:53:53 - __main__ - INFO - Read configuration file {setup_file}.
2024-10-24 21:53:53 - __main__ - INFO - Parameters from INI file: {'width': '2', 'height': '3', 'game_save_file': '/home/wojtek/Dokumenty/game_save.dat', 'key_save_file': '/home/wojtek/Dokumenty/save.key', 'game_load_file': '/home/wojtek/Dokumenty/game_save.data', 'key_load_file': '/home/wojtek/Dokumenty/save.key', 'load': 'true'}
2024-10-24 21:53:53 - app.game_saver.game_save_manager - INFO - Save manager: save file: /home/wojtek/Dokumenty/game_save.data
2024-10-24 21:53:53 - app.game_saver.game_save_manager - INFO - Save manager: key file: /home/wojtek/Dokumenty/save.key
2024-10-24 21:53:53 - app.gameplay.cards - INFO - Card 0: 6.png
2024-10-24 21:53:53 - app.gameplay.cards - INFO - Card 1: 18.png
2024-10-24 21:53:53 - app.gameplay.cards - INFO - Card 2: 18.png
2024-10-24 21:53:53 - app.gameplay.cards - INFO - Card 3: 6.png
2024-10-24 21:53:53 - app.gameplay.cards - INFO - Card 4: 2.png
2024-10-24 21:53:53 - app.gameplay.cards - INFO - Card 5: 2.png
2024-10-24 21:54:34 - __main__ - INFO - Reading configuration file config.ini...
2024-10-24 21:54:34 - __main__ - INFO - Read configuration file {setup_file}.
2024-10-24 21:54:34 - __main__ - INFO - Parameters from INI file: {'width': '2', 'height': '3', 'game_save_file': '/home/wojtek/Dokumenty/game_save.dat', 'key_save_file': '/home/wojtek/Dokumenty/save.key', 'game_load_file': '/home/wojtek/Dokumenty/game_save.dat', 'key_load_file': '/home/wojtek/Dokumenty/save.key', 'load': 'true'}
2024-10-24 21:54:34 - app.game_saver.game_save_manager - INFO - Save manager: save file: /home/wojtek/Dokumenty/game_save.dat
2024-10-24 21:54:34 - app.game_saver.game_save_manager - INFO - Save manager: key file: /home/wojtek/Dokumenty/save.key
2024-10-24 21:54:34 - app.gameplay.cards - INFO - Card 0: 10.png
2024-10-24 21:54:34 - app.gameplay.cards - INFO - Card 1: 16.png
2024-10-24 21:54:34 - app.gameplay.cards - INFO - Card 2: 18.png
2024-10-24 21:54:34 - app.gameplay.cards - INFO - Card 3: 18.png
2024-10-24 21:54:34 - app.gameplay.cards - INFO - Card 4: 10.png
2024-10-24 21:54:34 - app.gameplay.cards - INFO - Card 5: 16.png
2024-10-24 21:54:53 - app.game_saver.game_save_manager - INFO - Save manager: save file: /home/wojtek/Dokumenty/game_save.dat
2024-10-24 21:54:53 - app.game_saver.game_save_manager - INFO - Save manager: key file: /home/wojtek/Dokumenty/save.key
2024-10-24 21:55:05 - __main__ - INFO - Reading configuration file config.ini...
2024-10-24 21:55:05 - __main__ - INFO - Read configuration file {setup_file}.
2024-10-24 21:55:05 - __main__ - INFO - Parameters from INI file: {'width': '2', 'height': '3', 'game_save_file': '/home/wojtek/Dokumenty/game_save.dat', 'key_save_file': '/home/wojtek/Dokumenty/save.key', 'game_load_file': '/home/wojtek/Dokumenty/game_save.dat', 'key_load_file': '/home/wojtek/Dokumenty/save.key', 'load': 'true'}
2024-10-24 21:55:05 - app.game_saver.game_save_manager - INFO - Save manager: save file: /home/wojtek/Dokumenty/game_save.dat
2024-10-24 21:55:05 - app.game_saver.game_save_manager - INFO - Save manager: key file: /home/wojtek/Dokumenty/save.key
2024-10-24 21:55:05 - app.gameplay.cards - INFO - Card 0: 10.png
2024-10-24 21:55:05 - app.gameplay.cards - INFO - Card 1: 16.png
2024-10-24 21:55:05 - app.gameplay.cards - INFO - Card 2: 18.png
2024-10-24 21:55:05 - app.gameplay.cards - INFO - Card 3: 18.png
2024-10-24 21:55:05 - app.gameplay.cards - INFO - Card 4: 10.png
2024-10-24 21:55:05 - app.gameplay.cards - INFO - Card 5: 16.png
2024-10-24 21:55:37 - __main__ - INFO - Reading configuration file config.ini...
2024-10-24 21:55:37 - __main__ - INFO - Read configuration file {setup_file}.
2024-10-24 21:55:37 - __main__ - INFO - Parameters from INI file: {'width': '2', 'height': '3', 'game_save_file': '/home/wojtek/Dokumenty/game_save.dat', 'key_save_file': '/home/wojtek/Dokumenty/save.key', 'game_load_file': '/home/wojtek/Dokumenty/game_save.dat', 'key_load_file': '/home/wojtek/Dokumenty/save.key', 'load': 'true'}
2024-10-24 21:55:37 - app.game_saver.game_save_manager - INFO - Save manager: save file: /home/wojtek/Dokumenty/game_save.dat
2024-10-24 21:55:37 - app.game_saver.game_save_manager - INFO - Save manager: key file: /home/wojtek/Dokumenty/save.key
2024-10-24 21:55:37 - app.gameplay.cards - INFO - Card 0: 10.png
2024-10-24 21:55:37 - app.gameplay.cards - INFO - Card 1: 16.png
2024-10-24 21:55:37 - app.gameplay.cards - INFO - Card 2: 18.png
2024-10-24 21:55:37 - app.gameplay.cards - INFO - Card 3: 18.png
2024-10-24 21:55:37 - app.gameplay.cards - INFO - Card 4: 10.png
2024-10-24 21:55:37 - app.gameplay.cards - INFO - Card 5: 16.png
2024-10-24 21:56:11 - __main__ - INFO - No configuration file provided.
2024-10-24 21:56:48 - __main__ - INFO - Reading configuration file config.ini...
2024-10-24 21:56:48 - __main__ - INFO - Read configuration file {setup_file}.
2024-10-24 21:56:48 - __main__ - INFO - Parameters from INI file: {'width': '2', 'height': '3', 'game_save_file': '/home/wojtek/Dokumenty/game_save.dat', 'key_save_file': '/home/wojtek/Dokumenty/save.key', 'game_load_file': '/home/wojtek/Dokumenty/game_save.dat', 'key_load_file': '/home/wojtek/Dokumenty/save.key', 'load': 'true'}
2024-10-24 21:56:48 - app.game_saver.game_save_manager - INFO - Save manager: save file: /home/wojtek/Dokumenty/game_save.dat
2024-10-24 21:56:48 - app.game_saver.game_save_manager - INFO - Save manager: key file: /home/wojtek/Dokumenty/save.key
2024-10-24 21:56:48 - app.gameplay.cards - INFO - Card 0: 10.png
2024-10-24 21:56:48 - app.gameplay.cards - INFO - Card 1: 16.png
2024-10-24 21:56:48 - app.gameplay.cards - INFO - Card 2: 18.png
2024-10-24 21:56:48 - app.gameplay.cards - INFO - Card 3: 18.png
2024-10-24 21:56:48 - app.gameplay.cards - INFO - Card 4: 10.png
2024-10-24 21:56:48 - app.gameplay.cards - INFO - Card 5: 16.png
